e:\workspace\nginx-research\nginx-1.7.4-win32\vc12\debug\vc120.pdb
e:\workspace\nginx-research\nginx-1.7.4-win32\vc12\debug\vc120.idb
e:\workspace\nginx-research\nginx-1.7.4-win32\vc12\debug\ngx_http_write_filter_module.obj
e:\workspace\nginx-research\nginx-1.7.4-win32\vc12\debug\ngx_modules.obj
e:\workspace\nginx-research\nginx-1.7.4-win32\vc12\debug\ngx_alloc.obj
e:\workspace\nginx-research\nginx-1.7.4-win32\vc12\debug\ngx_errno.obj
e:\workspace\nginx-research\nginx-1.7.4-win32\vc12\debug\ngx_event_log.obj
e:\workspace\nginx-research\nginx-1.7.4-win32\vc12\debug\ngx_files.obj
e:\workspace\nginx-research\nginx-1.7.4-win32\vc12\debug\ngx_process.obj
e:\workspace\nginx-research\nginx-1.7.4-win32\vc12\debug\ngx_process_cycle.obj
e:\workspace\nginx-research\nginx-1.7.4-win32\vc12\debug\ngx_shmem.obj
e:\workspace\nginx-research\nginx-1.7.4-win32\vc12\debug\ngx_socket.obj
e:\workspace\nginx-research\nginx-1.7.4-win32\vc12\debug\ngx_stat.obj
e:\workspace\nginx-research\nginx-1.7.4-win32\vc12\debug\ngx_thread.obj
e:\workspace\nginx-research\nginx-1.7.4-win32\vc12\debug\ngx_time.obj
e:\workspace\nginx-research\nginx-1.7.4-win32\vc12\debug\ngx_udp_wsarecv.obj
e:\workspace\nginx-research\nginx-1.7.4-win32\vc12\debug\ngx_user.obj
e:\workspace\nginx-research\nginx-1.7.4-win32\vc12\debug\ngx_win32_init.obj
e:\workspace\nginx-research\nginx-1.7.4-win32\vc12\debug\ngx_wsarecv.obj
e:\workspace\nginx-research\nginx-1.7.4-win32\vc12\debug\ngx_wsarecv_chain.obj
e:\workspace\nginx-research\nginx-1.7.4-win32\vc12\debug\ngx_wsasend.obj
e:\workspace\nginx-research\nginx-1.7.4-win32\vc12\debug\ngx_wsasend_chain.obj
e:\workspace\nginx-research\nginx-1.7.4-win32\vc12\debug\ngx_http_upstream_keepalive_module.obj
e:\workspace\nginx-research\nginx-1.7.4-win32\vc12\debug\ngx_http_upstream_least_conn_module.obj
e:\workspace\nginx-research\nginx-1.7.4-win32\vc12\debug\ngx_http_userid_filter_module.obj
e:\workspace\nginx-research\nginx-1.7.4-win32\vc12\debug\ngx_http_uwsgi_module.obj
e:\workspace\nginx-research\nginx-1.7.4-win32\vc12\debug\ngx_http.obj
e:\workspace\nginx-research\nginx-1.7.4-win32\vc12\debug\ngx_http_busy_lock.obj
e:\workspace\nginx-research\nginx-1.7.4-win32\vc12\debug\ngx_http_copy_filter_module.obj
e:\workspace\nginx-research\nginx-1.7.4-win32\vc12\debug\ngx_http_core_module.obj
e:\workspace\nginx-research\nginx-1.7.4-win32\vc12\debug\ngx_http_file_cache.obj
e:\workspace\nginx-research\nginx-1.7.4-win32\vc12\debug\ngx_http_header_filter_module.obj
e:\workspace\nginx-research\nginx-1.7.4-win32\vc12\debug\ngx_http_parse.obj
e:\workspace\nginx-research\nginx-1.7.4-win32\vc12\debug\ngx_http_parse_time.obj
e:\workspace\nginx-research\nginx-1.7.4-win32\vc12\debug\ngx_http_postpone_filter_module.obj
e:\workspace\nginx-research\nginx-1.7.4-win32\vc12\debug\ngx_http_request.obj
e:\workspace\nginx-research\nginx-1.7.4-win32\vc12\debug\ngx_http_request_body.obj
e:\workspace\nginx-research\nginx-1.7.4-win32\vc12\debug\ngx_http_script.obj
e:\workspace\nginx-research\nginx-1.7.4-win32\vc12\debug\ngx_http_special_response.obj
e:\workspace\nginx-research\nginx-1.7.4-win32\vc12\debug\ngx_http_upstream.obj
e:\workspace\nginx-research\nginx-1.7.4-win32\vc12\debug\ngx_http_upstream_round_robin.obj
e:\workspace\nginx-research\nginx-1.7.4-win32\vc12\debug\ngx_http_variables.obj
e:\workspace\nginx-research\nginx-1.7.4-win32\vc12\debug\ngx_http_limit_req_module.obj
e:\workspace\nginx-research\nginx-1.7.4-win32\vc12\debug\ngx_http_log_module.obj
e:\workspace\nginx-research\nginx-1.7.4-win32\vc12\debug\ngx_http_map_module.obj
e:\workspace\nginx-research\nginx-1.7.4-win32\vc12\debug\ngx_http_memcached_module.obj
e:\workspace\nginx-research\nginx-1.7.4-win32\vc12\debug\ngx_http_mp4_module.obj
e:\workspace\nginx-research\nginx-1.7.4-win32\vc12\debug\ngx_http_not_modified_filter_module.obj
e:\workspace\nginx-research\nginx-1.7.4-win32\vc12\debug\ngx_http_proxy_module.obj
e:\workspace\nginx-research\nginx-1.7.4-win32\vc12\debug\ngx_http_random_index_module.obj
e:\workspace\nginx-research\nginx-1.7.4-win32\vc12\debug\ngx_http_range_filter_module.obj
e:\workspace\nginx-research\nginx-1.7.4-win32\vc12\debug\ngx_http_referer_module.obj
e:\workspace\nginx-research\nginx-1.7.4-win32\vc12\debug\ngx_http_rewrite_module.obj
e:\workspace\nginx-research\nginx-1.7.4-win32\vc12\debug\ngx_http_scgi_module.obj
e:\workspace\nginx-research\nginx-1.7.4-win32\vc12\debug\ngx_http_secure_link_module.obj
e:\workspace\nginx-research\nginx-1.7.4-win32\vc12\debug\ngx_http_split_clients_module.obj
e:\workspace\nginx-research\nginx-1.7.4-win32\vc12\debug\ngx_http_ssi_filter_module.obj
e:\workspace\nginx-research\nginx-1.7.4-win32\vc12\debug\ngx_http_ssl_module.obj
e:\workspace\nginx-research\nginx-1.7.4-win32\vc12\debug\ngx_http_static_module.obj
e:\workspace\nginx-research\nginx-1.7.4-win32\vc12\debug\ngx_http_sub_filter_module.obj
e:\workspace\nginx-research\nginx-1.7.4-win32\vc12\debug\ngx_http_upstream_hash_module.obj
e:\workspace\nginx-research\nginx-1.7.4-win32\vc12\debug\ngx_http_upstream_ip_hash_module.obj
e:\workspace\nginx-research\nginx-1.7.4-win32\vc12\debug\ngx_event_posted.obj
e:\workspace\nginx-research\nginx-1.7.4-win32\vc12\debug\ngx_event_timer.obj
e:\workspace\nginx-research\nginx-1.7.4-win32\vc12\debug\ngx_http_access_module.obj
e:\workspace\nginx-research\nginx-1.7.4-win32\vc12\debug\ngx_http_addition_filter_module.obj
e:\workspace\nginx-research\nginx-1.7.4-win32\vc12\debug\ngx_http_auth_basic_module.obj
e:\workspace\nginx-research\nginx-1.7.4-win32\vc12\debug\ngx_http_auth_request_module.obj
e:\workspace\nginx-research\nginx-1.7.4-win32\vc12\debug\ngx_http_autoindex_module.obj
e:\workspace\nginx-research\nginx-1.7.4-win32\vc12\debug\ngx_http_browser_module.obj
e:\workspace\nginx-research\nginx-1.7.4-win32\vc12\debug\ngx_http_charset_filter_module.obj
e:\workspace\nginx-research\nginx-1.7.4-win32\vc12\debug\ngx_http_chunked_filter_module.obj
e:\workspace\nginx-research\nginx-1.7.4-win32\vc12\debug\ngx_http_empty_gif_module.obj
e:\workspace\nginx-research\nginx-1.7.4-win32\vc12\debug\ngx_http_fastcgi_module.obj
e:\workspace\nginx-research\nginx-1.7.4-win32\vc12\debug\ngx_http_flv_module.obj
e:\workspace\nginx-research\nginx-1.7.4-win32\vc12\debug\ngx_http_geo_module.obj
e:\workspace\nginx-research\nginx-1.7.4-win32\vc12\debug\ngx_http_gunzip_filter_module.obj
e:\workspace\nginx-research\nginx-1.7.4-win32\vc12\debug\ngx_http_gzip_filter_module.obj
e:\workspace\nginx-research\nginx-1.7.4-win32\vc12\debug\ngx_http_gzip_static_module.obj
e:\workspace\nginx-research\nginx-1.7.4-win32\vc12\debug\ngx_http_headers_filter_module.obj
e:\workspace\nginx-research\nginx-1.7.4-win32\vc12\debug\ngx_http_index_module.obj
e:\workspace\nginx-research\nginx-1.7.4-win32\vc12\debug\ngx_http_limit_conn_module.obj
e:\workspace\nginx-research\nginx-1.7.4-win32\vc12\debug\ngx_rbtree.obj
e:\workspace\nginx-research\nginx-1.7.4-win32\vc12\debug\ngx_regex.obj
e:\workspace\nginx-research\nginx-1.7.4-win32\vc12\debug\ngx_resolver.obj
e:\workspace\nginx-research\nginx-1.7.4-win32\vc12\debug\ngx_shmtx.obj
e:\workspace\nginx-research\nginx-1.7.4-win32\vc12\debug\ngx_slab.obj
e:\workspace\nginx-research\nginx-1.7.4-win32\vc12\debug\ngx_spinlock.obj
e:\workspace\nginx-research\nginx-1.7.4-win32\vc12\debug\ngx_string.obj
e:\workspace\nginx-research\nginx-1.7.4-win32\vc12\debug\ngx_syslog.obj
e:\workspace\nginx-research\nginx-1.7.4-win32\vc12\debug\ngx_times.obj
e:\workspace\nginx-research\nginx-1.7.4-win32\vc12\debug\ngx_iocp_module.obj
e:\workspace\nginx-research\nginx-1.7.4-win32\vc12\debug\ngx_win32_select_module.obj
e:\workspace\nginx-research\nginx-1.7.4-win32\vc12\debug\ngx_event.obj
e:\workspace\nginx-research\nginx-1.7.4-win32\vc12\debug\ngx_event_accept.obj
e:\workspace\nginx-research\nginx-1.7.4-win32\vc12\debug\ngx_event_acceptex.obj
e:\workspace\nginx-research\nginx-1.7.4-win32\vc12\debug\ngx_event_busy_lock.obj
e:\workspace\nginx-research\nginx-1.7.4-win32\vc12\debug\ngx_event_connect.obj
e:\workspace\nginx-research\nginx-1.7.4-win32\vc12\debug\ngx_event_mutex.obj
e:\workspace\nginx-research\nginx-1.7.4-win32\vc12\debug\ngx_event_openssl.obj
e:\workspace\nginx-research\nginx-1.7.4-win32\vc12\debug\ngx_event_openssl_stapling.obj
e:\workspace\nginx-research\nginx-1.7.4-win32\vc12\debug\ngx_event_pipe.obj
e:\workspace\nginx-research\nginx-1.7.4-win32\vc12\debug\ngx_conf_file.obj
e:\workspace\nginx-research\nginx-1.7.4-win32\vc12\debug\ngx_connection.obj
e:\workspace\nginx-research\nginx-1.7.4-win32\vc12\debug\ngx_cpuinfo.obj
e:\workspace\nginx-research\nginx-1.7.4-win32\vc12\debug\ngx_crc32.obj
e:\workspace\nginx-research\nginx-1.7.4-win32\vc12\debug\ngx_crypt.obj
e:\workspace\nginx-research\nginx-1.7.4-win32\vc12\debug\ngx_cycle.obj
e:\workspace\nginx-research\nginx-1.7.4-win32\vc12\debug\ngx_file.obj
e:\workspace\nginx-research\nginx-1.7.4-win32\vc12\debug\ngx_hash.obj
e:\workspace\nginx-research\nginx-1.7.4-win32\vc12\debug\ngx_inet.obj
e:\workspace\nginx-research\nginx-1.7.4-win32\vc12\debug\ngx_list.obj
e:\workspace\nginx-research\nginx-1.7.4-win32\vc12\debug\ngx_log.obj
e:\workspace\nginx-research\nginx-1.7.4-win32\vc12\debug\ngx_md5.obj
e:\workspace\nginx-research\nginx-1.7.4-win32\vc12\debug\ngx_murmurhash.obj
e:\workspace\nginx-research\nginx-1.7.4-win32\vc12\debug\ngx_open_file_cache.obj
e:\workspace\nginx-research\nginx-1.7.4-win32\vc12\debug\ngx_output_chain.obj
e:\workspace\nginx-research\nginx-1.7.4-win32\vc12\debug\ngx_palloc.obj
e:\workspace\nginx-research\nginx-1.7.4-win32\vc12\debug\ngx_parse.obj
e:\workspace\nginx-research\nginx-1.7.4-win32\vc12\debug\ngx_proxy_protocol.obj
e:\workspace\nginx-research\nginx-1.7.4-win32\vc12\debug\ngx_queue.obj
e:\workspace\nginx-research\nginx-1.7.4-win32\vc12\debug\ngx_radix_tree.obj
e:\workspace\nginx-research\nginx-1.7.4-win32\vc12\debug\nginx.obj
e:\workspace\nginx-research\nginx-1.7.4-win32\vc12\debug\ngx_array.obj
e:\workspace\nginx-research\nginx-1.7.4-win32\vc12\debug\ngx_buf.obj
e:\workspace\nginx-research\nginx-1.7.4-win32\vc12\debug\nginx.ilk
e:\workspace\nginx-research\nginx-1.7.4-win32\vc12\debug\nginx.exe
e:\workspace\nginx-research\nginx-1.7.4-win32\vc12\debug\nginx.pdb
e:\workspace\nginx-research\nginx-1.7.4-win32\vc12\debug\nginx.lib
e:\workspace\nginx-research\nginx-1.7.4-win32\vc12\debug\nginx.exp
e:\workspace\nginx-research\nginx-1.7.4-win32\vc12\debug\nginx.tlog\cl.command.1.tlog
e:\workspace\nginx-research\nginx-1.7.4-win32\vc12\debug\nginx.tlog\cl.read.1.tlog
e:\workspace\nginx-research\nginx-1.7.4-win32\vc12\debug\nginx.tlog\cl.write.1.tlog
e:\workspace\nginx-research\nginx-1.7.4-win32\vc12\debug\nginx.tlog\link.command.1.tlog
e:\workspace\nginx-research\nginx-1.7.4-win32\vc12\debug\nginx.tlog\link.read.1.tlog
e:\workspace\nginx-research\nginx-1.7.4-win32\vc12\debug\nginx.tlog\link.write.1.tlog
e:\workspace\nginx-research\nginx-1.7.4-win32\vc12\debug\nginx.tlog\nginx.write.1u.tlog
