Build started 2014/9/9 10:35:43.
     1>Project "E:\workspace\nginx-research\nginx-1.7.4-win32\vc12\nginx.vcxproj" on node 2 (Build target(s)).
     1>Link:
         D:\Program Files (x86)\Microsoft Visual Studio 12.0\VC\bin\link.exe /ERRORREPORT:PROMPT /OUT:"E:\workspace\nginx-research\nginx-1.7.4-win32\vc12\Debug\nginx.exe" /INCREMENTAL /NOLOGO /LIBPATH:"E:\workspace\nginx-research\nginx-1.7.4-win32\vc12\Debug\\" crypt32.lib zlib.lib pcre.lib ws2_32.lib libeay32.lib ssleay32.lib kernel32.lib user32.lib gdi32.lib winspool.lib comdlg32.lib advapi32.lib shell32.lib ole32.lib oleaut32.lib uuid.lib odbc32.lib odbccp32.lib kernel32.lib user32.lib gdi32.lib winspool.lib comdlg32.lib advapi32.lib shell32.lib ole32.lib oleaut32.lib uuid.lib odbc32.lib odbccp32.lib /MANIFEST /MANIFESTUAC:"level='asInvoker' uiAccess='false'" /manifest:embed /DEBUG /PDB:"E:\workspace\nginx-research\nginx-1.7.4-win32\vc12\Debug\nginx.pdb" /SUBSYSTEM:CONSOLE /TLBID:1 /DYNAMICBASE /NXCOMPAT /IMPLIB:"E:\workspace\nginx-research\nginx-1.7.4-win32\vc12\Debug\nginx.lib" /MACHINE:X86 Debug\ngx_http_helloworld_module.obj
         Debug\nginx.obj
         Debug\ngx_array.obj
         Debug\ngx_buf.obj
         Debug\ngx_conf_file.obj
         Debug\ngx_connection.obj
         Debug\ngx_cpuinfo.obj
         Debug\ngx_crc32.obj
         Debug\ngx_crypt.obj
         Debug\ngx_cycle.obj
         Debug\ngx_file.obj
         Debug\ngx_hash.obj
         Debug\ngx_inet.obj
         Debug\ngx_list.obj
         Debug\ngx_log.obj
         Debug\ngx_md5.obj
         Debug\ngx_murmurhash.obj
         Debug\ngx_open_file_cache.obj
         Debug\ngx_output_chain.obj
         Debug\ngx_palloc.obj
         Debug\ngx_parse.obj
         Debug\ngx_proxy_protocol.obj
         Debug\ngx_queue.obj
         Debug\ngx_radix_tree.obj
         Debug\ngx_rbtree.obj
         Debug\ngx_regex.obj
         Debug\ngx_resolver.obj
         Debug\ngx_shmtx.obj
         Debug\ngx_slab.obj
         Debug\ngx_spinlock.obj
         Debug\ngx_string.obj
         Debug\ngx_syslog.obj
         Debug\ngx_times.obj
         Debug\ngx_iocp_module.obj
         Debug\ngx_win32_select_module.obj
         Debug\ngx_event.obj
         Debug\ngx_event_accept.obj
         Debug\ngx_event_acceptex.obj
         Debug\ngx_event_busy_lock.obj
         Debug\ngx_event_connect.obj
         Debug\ngx_event_mutex.obj
         Debug\ngx_event_openssl.obj
         Debug\ngx_event_openssl_stapling.obj
         Debug\ngx_event_pipe.obj
         Debug\ngx_event_posted.obj
         Debug\ngx_event_timer.obj
         Debug\ngx_http_access_module.obj
         Debug\ngx_http_addition_filter_module.obj
         Debug\ngx_http_auth_basic_module.obj
         Debug\ngx_http_auth_request_module.obj
         Debug\ngx_http_autoindex_module.obj
         Debug\ngx_http_browser_module.obj
         Debug\ngx_http_charset_filter_module.obj
         Debug\ngx_http_chunked_filter_module.obj
         Debug\ngx_http_empty_gif_module.obj
         Debug\ngx_http_fastcgi_module.obj
         Debug\ngx_http_flv_module.obj
         Debug\ngx_http_geo_module.obj
         Debug\ngx_http_gunzip_filter_module.obj
         Debug\ngx_http_gzip_filter_module.obj
         Debug\ngx_http_gzip_static_module.obj
         Debug\ngx_http_headers_filter_module.obj
         Debug\ngx_http_index_module.obj
         Debug\ngx_http_limit_conn_module.obj
         Debug\ngx_http_limit_req_module.obj
         Debug\ngx_http_log_module.obj
         Debug\ngx_http_map_module.obj
         Debug\ngx_http_memcached_module.obj
         Debug\ngx_http_mp4_module.obj
         Debug\ngx_http_not_modified_filter_module.obj
         Debug\ngx_http_proxy_module.obj
         Debug\ngx_http_random_index_module.obj
         Debug\ngx_http_range_filter_module.obj
         Debug\ngx_http_referer_module.obj
         Debug\ngx_http_rewrite_module.obj
         Debug\ngx_http_scgi_module.obj
         Debug\ngx_http_secure_link_module.obj
         Debug\ngx_http_split_clients_module.obj
         Debug\ngx_http_ssi_filter_module.obj
         Debug\ngx_http_ssl_module.obj
         Debug\ngx_http_static_module.obj
         Debug\ngx_http_sub_filter_module.obj
         Debug\ngx_http_upstream_hash_module.obj
         Debug\ngx_http_upstream_ip_hash_module.obj
         Debug\ngx_http_upstream_keepalive_module.obj
         Debug\ngx_http_upstream_least_conn_module.obj
         Debug\ngx_http_userid_filter_module.obj
         Debug\ngx_http_uwsgi_module.obj
         Debug\ngx_http.obj
         Debug\ngx_http_busy_lock.obj
         Debug\ngx_http_copy_filter_module.obj
         Debug\ngx_http_core_module.obj
         Debug\ngx_http_file_cache.obj
         Debug\ngx_http_header_filter_module.obj
         Debug\ngx_http_parse.obj
         Debug\ngx_http_parse_time.obj
         Debug\ngx_http_postpone_filter_module.obj
         Debug\ngx_http_request.obj
         Debug\ngx_http_request_body.obj
         Debug\ngx_http_script.obj
         Debug\ngx_http_special_response.obj
         Debug\ngx_http_upstream.obj
         Debug\ngx_http_upstream_round_robin.obj
         Debug\ngx_http_variables.obj
         Debug\ngx_http_write_filter_module.obj
         Debug\ngx_modules.obj
         Debug\ngx_alloc.obj
         Debug\ngx_errno.obj
         Debug\ngx_event_log.obj
         Debug\ngx_files.obj
         Debug\ngx_process.obj
         Debug\ngx_process_cycle.obj
         Debug\ngx_shmem.obj
         Debug\ngx_socket.obj
         Debug\ngx_stat.obj
         Debug\ngx_thread.obj
         Debug\ngx_time.obj
         Debug\ngx_udp_wsarecv.obj
         Debug\ngx_user.obj
         Debug\ngx_win32_init.obj
         Debug\ngx_wsarecv.obj
         Debug\ngx_wsarecv_chain.obj
         Debug\ngx_wsasend.obj
         Debug\ngx_wsasend_chain.obj
            Creating library E:\workspace\nginx-research\nginx-1.7.4-win32\vc12\Debug\nginx.lib and object E:\workspace\nginx-research\nginx-1.7.4-win32\vc12\Debug\nginx.exp
         nginx.vcxproj -> E:\workspace\nginx-research\nginx-1.7.4-win32\vc12\Debug\nginx.exe
     1>Done Building Project "E:\workspace\nginx-research\nginx-1.7.4-win32\vc12\nginx.vcxproj" (Build target(s)).

Build succeeded.

Time Elapsed 00:00:01.08
